Arguments: 
  /usr/local/bin/node /Users/aomkhunpanitchot/.yarn/bin/yarn.js add @types/amqplip

PATH: 
  /Users/aomkhunpanitchot/Downloads/google-cloud-sdk/bin:/Users/aomkhunpanitchot/miniconda3/bin:/Users/aomkhunpanitchot/miniconda3/condabin:/Users/aomkhunpanitchot/.yarn/bin:/Users/aomkhunpanitchot/.config/yarn/global/node_modules/.bin:/usr/local/bin:/usr/bin:/bin:/usr/sbin:/sbin:/usr/local/MacGPG2/bin:/usr/local/share/dotnet:~/.dotnet/tools:/Library/Apple/usr/bin:/Users/aomkhunpanitchot/flutter/bin

Yarn version: 
  1.22.5

Node version: 
  14.15.1

Platform: 
  darwin x64

Trace: 
  Error: https://registry.yarnpkg.com/@types%2famqplip: Not found
      at Request.params.callback [as _callback] (/Users/aomkhunpanitchot/.yarn/lib/cli.js:66988:18)
      at Request.self.callback (/Users/aomkhunpanitchot/.yarn/lib/cli.js:140749:22)
      at Request.emit (events.js:315:20)
      at Request.<anonymous> (/Users/aomkhunpanitchot/.yarn/lib/cli.js:141721:10)
      at Request.emit (events.js:315:20)
      at IncomingMessage.<anonymous> (/Users/aomkhunpanitchot/.yarn/lib/cli.js:141643:12)
      at Object.onceWrapper (events.js:421:28)
      at IncomingMessage.emit (events.js:327:22)
      at endReadableNT (_stream_readable.js:1327:12)
      at processTicksAndRejections (internal/process/task_queues.js:80:21)

npm manifest: 
  {
  	"name": "usagi-mq",
  	"description": "Simple library for effortless high-level RabbitMQ",
  	"version": "0.0.0",
  	"author": {
  		"name": "saltyaom",
  		"url": "https://github.com/SaltyAom",
  		"email": "saltyaom@gmail.com"
  	},
  	"main": "build/index.js",
  	"module": "build/format/esm/index.js",
  	"esnext": "build/format/esm/index.js",
  	"types": "build/index.d.ts",
  	"typings": "build/index.d.ts",
  	"keywords": [
  		"RabbitMQ",
  		"usagi",
  		"usagi.js",
  		"AMQP"
  	],
  	"homepage": "https://github.com/saltyaom/usagi",
  	"repository": {
  		"type": "git",
  		"url": "https://github.com/saltyaom/usagi"
  	},
  	"bugs": "https://github.com/SaltyAom/usagi/issues",
  	"license": "MIT",
  	"scripts": {
  		"build": "yarn build:main && yarn build:cjs && yarn build:esm",
  		"build:main": "tsc",
  		"build:cjs": "node scripts/cjs.js && yarn build:cjs:type",
  		"build:cjs:type": "tsc --emitDeclarationOnly --outDir build/format/cjs",
  		"build:esm": "node scripts/esm.js && yarn build:esm:type",
  		"build:esm:type": "tsc --emitDeclarationOnly --outDir build/format/esm"
  	},
  	"dependencies": {
  		"amqplib": "^0.8.0",
  		"nanoid": "^3.1.23"
  	},
  	"devDependencies": {
  		"esbuild": "^0.12.15",
  		"typescript": "^4.3.5"
  	}
  }

yarn manifest: 
  No manifest

Lockfile: 
  # THIS IS AN AUTOGENERATED FILE. DO NOT EDIT THIS FILE DIRECTLY.
  # yarn lockfile v1
  
  
  "@types/amqplib@^0.8.1":
    version "0.8.1"
    resolved "https://registry.yarnpkg.com/@types/amqplib/-/amqplib-0.8.1.tgz#895d9362335b0b88f51e45b60bcfeb76fb50492b"
    integrity sha512-8dCjF+dHZ8Y6JOoHD1BMnxP0quAncvZq4wA/lS072NjX9vIzVRSMcmfKy2Os8ZQ8VWWp74MD09GMbVbKS6/Fxw==
    dependencies:
      "@types/bluebird" "*"
      "@types/node" "*"
  
  "@types/bluebird@*":
    version "3.5.36"
    resolved "https://registry.yarnpkg.com/@types/bluebird/-/bluebird-3.5.36.tgz#00d9301d4dc35c2f6465a8aec634bb533674c652"
    integrity sha512-HBNx4lhkxN7bx6P0++W8E289foSu8kO8GCk2unhuVggO+cE7rh9DhZUyPhUxNRG9m+5B5BTKxZQ5ZP92x/mx9Q==
  
  "@types/node@*":
    version "16.3.2"
    resolved "https://registry.yarnpkg.com/@types/node/-/node-16.3.2.tgz#655432817f83b51ac869c2d51dd8305fb8342e16"
    integrity sha512-jJs9ErFLP403I+hMLGnqDRWT0RYKSvArxuBVh2veudHV7ifEC1WAmjJADacZ7mRbA2nWgHtn8xyECMAot0SkAw==
  
  amqplib@^0.8.0:
    version "0.8.0"
    resolved "https://registry.yarnpkg.com/amqplib/-/amqplib-0.8.0.tgz#088d10bc61cc5ac5a49ac72033c7ac66c23aeb61"
    integrity sha512-icU+a4kkq4Y1PS4NNi+YPDMwdlbFcZ1EZTQT2nigW3fvOb6AOgUQ9+Mk4ue0Zu5cBg/XpDzB40oH10ysrk2dmA==
    dependencies:
      bitsyntax "~0.1.0"
      bluebird "^3.7.2"
      buffer-more-ints "~1.0.0"
      readable-stream "1.x >=1.1.9"
      safe-buffer "~5.2.1"
      url-parse "~1.5.1"
  
  bitsyntax@~0.1.0:
    version "0.1.0"
    resolved "https://registry.yarnpkg.com/bitsyntax/-/bitsyntax-0.1.0.tgz#b0c59acef03505de5a2ed62a2f763c56ae1d6205"
    integrity sha512-ikAdCnrloKmFOugAfxWws89/fPc+nw0OOG1IzIE72uSOg/A3cYptKCjSUhDTuj7fhsJtzkzlv7l3b8PzRHLN0Q==
    dependencies:
      buffer-more-ints "~1.0.0"
      debug "~2.6.9"
      safe-buffer "~5.1.2"
  
  bluebird@^3.7.2:
    version "3.7.2"
    resolved "https://registry.yarnpkg.com/bluebird/-/bluebird-3.7.2.tgz#9f229c15be272454ffa973ace0dbee79a1b0c36f"
    integrity sha512-XpNj6GDQzdfW+r2Wnn7xiSAd7TM3jzkxGXBGTtWKuSXv1xUV+azxAm8jdWZN06QTQk+2N2XB9jRDkvbmQmcRtg==
  
  buffer-more-ints@~1.0.0:
    version "1.0.0"
    resolved "https://registry.yarnpkg.com/buffer-more-ints/-/buffer-more-ints-1.0.0.tgz#ef4f8e2dddbad429ed3828a9c55d44f05c611422"
    integrity sha512-EMetuGFz5SLsT0QTnXzINh4Ksr+oo4i+UGTXEshiGCQWnsgSs7ZhJ8fzlwQ+OzEMs0MpDAMr1hxnblp5a4vcHg==
  
  core-util-is@~1.0.0:
    version "1.0.2"
    resolved "https://registry.yarnpkg.com/core-util-is/-/core-util-is-1.0.2.tgz#b5fd54220aa2bc5ab57aab7140c940754503c1a7"
    integrity sha1-tf1UIgqivFq1eqtxQMlAdUUDwac=
  
  debug@~2.6.9:
    version "2.6.9"
    resolved "https://registry.yarnpkg.com/debug/-/debug-2.6.9.tgz#5d128515df134ff327e90a4c93f4e077a536341f"
    integrity sha512-bC7ElrdJaJnPbAP+1EotYvqZsb3ecl5wi6Bfi6BJTUcNowp6cvspg0jXznRTKDjm/E7AdgFBVeAPVMNcKGsHMA==
    dependencies:
      ms "2.0.0"
  
  esbuild@^0.12.15:
    version "0.12.15"
    resolved "https://registry.yarnpkg.com/esbuild/-/esbuild-0.12.15.tgz#9d99cf39aeb2188265c5983e983e236829f08af0"
    integrity sha512-72V4JNd2+48eOVCXx49xoSWHgC3/cCy96e7mbXKY+WOWghN00cCmlGnwVLRhRHorvv0dgCyuMYBZlM2xDM5OQw==
  
  inherits@~2.0.1:
    version "2.0.4"
    resolved "https://registry.yarnpkg.com/inherits/-/inherits-2.0.4.tgz#0fa2c64f932917c3433a0ded55363aae37416b7c"
    integrity sha512-k/vGaX4/Yla3WzyMCvTQOXYeIHvqOKtnqBduzTHpzpQZzAskKMhZ2K+EnBiSM9zGSoIFeMpXKxa4dYeZIQqewQ==
  
  isarray@0.0.1:
    version "0.0.1"
    resolved "https://registry.yarnpkg.com/isarray/-/isarray-0.0.1.tgz#8a18acfca9a8f4177e09abfc6038939b05d1eedf"
    integrity sha1-ihis/Kmo9Bd+Cav8YDiTmwXR7t8=
  
  ms@2.0.0:
    version "2.0.0"
    resolved "https://registry.yarnpkg.com/ms/-/ms-2.0.0.tgz#5608aeadfc00be6c2901df5f9861788de0d597c8"
    integrity sha1-VgiurfwAvmwpAd9fmGF4jeDVl8g=
  
  nanoid@^3.1.23:
    version "3.1.23"
    resolved "https://registry.yarnpkg.com/nanoid/-/nanoid-3.1.23.tgz#f744086ce7c2bc47ee0a8472574d5c78e4183a81"
    integrity sha512-FiB0kzdP0FFVGDKlRLEQ1BgDzU87dy5NnzjeW9YZNt+/c3+q82EQDUwniSAUxp/F0gFNI1ZhKU1FqYsMuqZVnw==
  
  querystringify@^2.1.1:
    version "2.2.0"
    resolved "https://registry.yarnpkg.com/querystringify/-/querystringify-2.2.0.tgz#3345941b4153cb9d082d8eee4cda2016a9aef7f6"
    integrity sha512-FIqgj2EUvTa7R50u0rGsyTftzjYmv/a3hO345bZNrqabNqjtgiDMgmo4mkUjd+nzU5oF3dClKqFIPUKybUyqoQ==
  
  "readable-stream@1.x >=1.1.9":
    version "1.1.14"
    resolved "https://registry.yarnpkg.com/readable-stream/-/readable-stream-1.1.14.tgz#7cf4c54ef648e3813084c636dd2079e166c081d9"
    integrity sha1-fPTFTvZI44EwhMY23SB54WbAgdk=
    dependencies:
      core-util-is "~1.0.0"
      inherits "~2.0.1"
      isarray "0.0.1"
      string_decoder "~0.10.x"
  
  requires-port@^1.0.0:
    version "1.0.0"
    resolved "https://registry.yarnpkg.com/requires-port/-/requires-port-1.0.0.tgz#925d2601d39ac485e091cf0da5c6e694dc3dcaff"
    integrity sha1-kl0mAdOaxIXgkc8NpcbmlNw9yv8=
  
  safe-buffer@~5.1.2:
    version "5.1.2"
    resolved "https://registry.yarnpkg.com/safe-buffer/-/safe-buffer-5.1.2.tgz#991ec69d296e0313747d59bdfd2b745c35f8828d"
    integrity sha512-Gd2UZBJDkXlY7GbJxfsE8/nvKkUEU1G38c1siN6QP6a9PT9MmHB8GnpscSmMJSoF8LOIrt8ud/wPtojys4G6+g==
  
  safe-buffer@~5.2.1:
    version "5.2.1"
    resolved "https://registry.yarnpkg.com/safe-buffer/-/safe-buffer-5.2.1.tgz#1eaf9fa9bdb1fdd4ec75f58f9cdb4e6b7827eec6"
    integrity sha512-rp3So07KcdmmKbGvgaNxQSJr7bGVSVk5S9Eq1F+ppbRo70+YeaDxkw5Dd8NPN+GD6bjnYm2VuPuCXmpuYvmCXQ==
  
  string_decoder@~0.10.x:
    version "0.10.31"
    resolved "https://registry.yarnpkg.com/string_decoder/-/string_decoder-0.10.31.tgz#62e203bc41766c6c28c9fc84301dab1c5310fa94"
    integrity sha1-YuIDvEF2bGwoyfyEMB2rHFMQ+pQ=
  
  typescript@^4.3.5:
    version "4.3.5"
    resolved "https://registry.yarnpkg.com/typescript/-/typescript-4.3.5.tgz#4d1c37cc16e893973c45a06886b7113234f119f4"
    integrity sha512-DqQgihaQ9cUrskJo9kIyW/+g0Vxsk8cDtZ52a3NGh0YNTfpUSArXSohyUGnvbPazEPLu398C0UxmKSOrPumUzA==
  
  url-parse@~1.5.1:
    version "1.5.1"
    resolved "https://registry.yarnpkg.com/url-parse/-/url-parse-1.5.1.tgz#d5fa9890af8a5e1f274a2c98376510f6425f6e3b"
    integrity sha512-HOfCOUJt7iSYzEx/UqgtwKRMC6EU91NFhsCHMv9oM03VJcVo2Qrp8T8kI9D7amFf1cu+/3CEhgb3rF9zL7k85Q==
    dependencies:
      querystringify "^2.1.1"
      requires-port "^1.0.0"
